<?xml version="1.0" encoding="UTF-8"?>
<!-- Generated by org.testng.reporters.JUnitReportReporter -->
<testsuite hostname="Nigams-Laptop" failures="0" tests="1" name="seleniummaven.seleniummaven.classshalu" time="2.046" errors="0" timestamp="2024-08-04T21:02:17 IST" skipped="0">
  <testcase classname="seleniummaven.seleniummaven.classshalu" name="img" time="2.046"/>
  <system-out/>
</testsuite> <!-- seleniummaven.seleniummaven.classshalu -->
